INFO [2025-04-09 22:42:45] $x
INFO [2025-04-09 22:42:45] list(set1, set2, set3)
INFO [2025-04-09 22:42:45] 
INFO [2025-04-09 22:42:45] $category.names
INFO [2025-04-09 22:42:45] c("Set 1", "Set 2 ", "Set 3")
INFO [2025-04-09 22:42:45] 
INFO [2025-04-09 22:42:45] $filename
INFO [2025-04-09 22:42:45] [1] "#14_venn_diagramm.png"
INFO [2025-04-09 22:42:45] 
INFO [2025-04-09 22:42:45] $output
INFO [2025-04-09 22:42:45] [1] TRUE
INFO [2025-04-09 22:42:45] 
INFO [2025-04-09 22:42:45] $imagetype
INFO [2025-04-09 22:42:45] [1] "png"
INFO [2025-04-09 22:42:45] 
INFO [2025-04-09 22:42:45] $height
INFO [2025-04-09 22:42:45] [1] 480
INFO [2025-04-09 22:42:45] 
INFO [2025-04-09 22:42:45] $width
INFO [2025-04-09 22:42:45] [1] 480
INFO [2025-04-09 22:42:45] 
INFO [2025-04-09 22:42:45] $resolution
INFO [2025-04-09 22:42:45] [1] 300
INFO [2025-04-09 22:42:45] 
INFO [2025-04-09 22:42:45] $compression
INFO [2025-04-09 22:42:45] [1] "lzw"
INFO [2025-04-09 22:42:45] 
INFO [2025-04-09 22:42:45] $lwd
INFO [2025-04-09 22:42:45] [1] 2
INFO [2025-04-09 22:42:45] 
INFO [2025-04-09 22:42:45] $lty
INFO [2025-04-09 22:42:45] [1] "blank"
INFO [2025-04-09 22:42:45] 
INFO [2025-04-09 22:42:45] $fill
INFO [2025-04-09 22:42:45] myCol
INFO [2025-04-09 22:42:45] 
INFO [2025-04-09 22:42:45] $cex
INFO [2025-04-09 22:42:45] [1] 0.6
INFO [2025-04-09 22:42:45] 
INFO [2025-04-09 22:42:45] $fontface
INFO [2025-04-09 22:42:45] [1] "bold"
INFO [2025-04-09 22:42:45] 
INFO [2025-04-09 22:42:45] $fontfamily
INFO [2025-04-09 22:42:45] [1] "sans"
INFO [2025-04-09 22:42:45] 
INFO [2025-04-09 22:42:45] $cat.cex
INFO [2025-04-09 22:42:45] [1] 0.6
INFO [2025-04-09 22:42:45] 
INFO [2025-04-09 22:42:45] $cat.fontface
INFO [2025-04-09 22:42:45] [1] "bold"
INFO [2025-04-09 22:42:45] 
INFO [2025-04-09 22:42:45] $cat.default.pos
INFO [2025-04-09 22:42:45] [1] "outer"
INFO [2025-04-09 22:42:45] 
INFO [2025-04-09 22:42:45] $cat.pos
INFO [2025-04-09 22:42:45] c(-27, 27, 135)
INFO [2025-04-09 22:42:45] 
INFO [2025-04-09 22:42:45] $cat.dist
INFO [2025-04-09 22:42:45] c(0.055, 0.055, 0.085)
INFO [2025-04-09 22:42:45] 
INFO [2025-04-09 22:42:45] $cat.fontfamily
INFO [2025-04-09 22:42:45] [1] "sans"
INFO [2025-04-09 22:42:45] 
INFO [2025-04-09 22:42:45] $rotation
INFO [2025-04-09 22:42:45] [1] 1
INFO [2025-04-09 22:42:45] 
