INFO [2025-04-09 22:41:31] $x
INFO [2025-04-09 22:41:31] list(set1, set2, set3)
INFO [2025-04-09 22:41:31] 
INFO [2025-04-09 22:41:31] $category.names
INFO [2025-04-09 22:41:31] c("Set 1", "Set 2 ", "Set 3")
INFO [2025-04-09 22:41:31] 
INFO [2025-04-09 22:41:31] $filename
INFO [2025-04-09 22:41:31] [1] "#14_venn_diagramm.png"
INFO [2025-04-09 22:41:31] 
INFO [2025-04-09 22:41:31] $output
INFO [2025-04-09 22:41:31] [1] TRUE
INFO [2025-04-09 22:41:31] 
INFO [2025-04-09 22:41:31] $imagetype
INFO [2025-04-09 22:41:31] [1] "png"
INFO [2025-04-09 22:41:31] 
INFO [2025-04-09 22:41:31] $height
INFO [2025-04-09 22:41:31] [1] 480
INFO [2025-04-09 22:41:31] 
INFO [2025-04-09 22:41:31] $width
INFO [2025-04-09 22:41:31] [1] 480
INFO [2025-04-09 22:41:31] 
INFO [2025-04-09 22:41:31] $resolution
INFO [2025-04-09 22:41:31] [1] 300
INFO [2025-04-09 22:41:31] 
INFO [2025-04-09 22:41:31] $compression
INFO [2025-04-09 22:41:31] [1] "lzw"
INFO [2025-04-09 22:41:31] 
INFO [2025-04-09 22:41:31] $lwd
INFO [2025-04-09 22:41:31] [1] 2
INFO [2025-04-09 22:41:31] 
INFO [2025-04-09 22:41:31] $lty
INFO [2025-04-09 22:41:31] [1] "blank"
INFO [2025-04-09 22:41:31] 
INFO [2025-04-09 22:41:31] $fill
INFO [2025-04-09 22:41:31] myCol
INFO [2025-04-09 22:41:31] 
INFO [2025-04-09 22:41:31] $cex
INFO [2025-04-09 22:41:31] [1] 0.6
INFO [2025-04-09 22:41:31] 
INFO [2025-04-09 22:41:31] $fontface
INFO [2025-04-09 22:41:31] [1] "bold"
INFO [2025-04-09 22:41:31] 
INFO [2025-04-09 22:41:31] $fontfamily
INFO [2025-04-09 22:41:31] [1] "sans"
INFO [2025-04-09 22:41:31] 
INFO [2025-04-09 22:41:31] $cat.cex
INFO [2025-04-09 22:41:31] [1] 0.6
INFO [2025-04-09 22:41:31] 
INFO [2025-04-09 22:41:31] $cat.fontface
INFO [2025-04-09 22:41:31] [1] "bold"
INFO [2025-04-09 22:41:31] 
INFO [2025-04-09 22:41:31] $cat.default.pos
INFO [2025-04-09 22:41:31] [1] "outer"
INFO [2025-04-09 22:41:31] 
INFO [2025-04-09 22:41:31] $cat.pos
INFO [2025-04-09 22:41:31] c(-27, 27, 135)
INFO [2025-04-09 22:41:31] 
INFO [2025-04-09 22:41:31] $cat.dist
INFO [2025-04-09 22:41:31] c(0.055, 0.055, 0.085)
INFO [2025-04-09 22:41:31] 
INFO [2025-04-09 22:41:31] $cat.fontfamily
INFO [2025-04-09 22:41:31] [1] "sans"
INFO [2025-04-09 22:41:31] 
INFO [2025-04-09 22:41:31] $rotation
INFO [2025-04-09 22:41:31] [1] 1
INFO [2025-04-09 22:41:31] 
