INFO [2025-04-09 22:43:02] $x
INFO [2025-04-09 22:43:02] list(set1, set2, set3)
INFO [2025-04-09 22:43:02] 
INFO [2025-04-09 22:43:02] $category.names
INFO [2025-04-09 22:43:02] c("Set 1", "Set 2 ", "Set 3")
INFO [2025-04-09 22:43:02] 
INFO [2025-04-09 22:43:02] $filename
INFO [2025-04-09 22:43:02] [1] "#14_venn_diagramm.png"
INFO [2025-04-09 22:43:02] 
INFO [2025-04-09 22:43:02] $output
INFO [2025-04-09 22:43:02] [1] TRUE
INFO [2025-04-09 22:43:02] 
INFO [2025-04-09 22:43:02] $imagetype
INFO [2025-04-09 22:43:02] [1] "png"
INFO [2025-04-09 22:43:02] 
INFO [2025-04-09 22:43:02] $height
INFO [2025-04-09 22:43:02] [1] 480
INFO [2025-04-09 22:43:02] 
INFO [2025-04-09 22:43:02] $width
INFO [2025-04-09 22:43:02] [1] 480
INFO [2025-04-09 22:43:02] 
INFO [2025-04-09 22:43:02] $resolution
INFO [2025-04-09 22:43:02] [1] 300
INFO [2025-04-09 22:43:02] 
INFO [2025-04-09 22:43:02] $compression
INFO [2025-04-09 22:43:02] [1] "lzw"
INFO [2025-04-09 22:43:02] 
INFO [2025-04-09 22:43:02] $lwd
INFO [2025-04-09 22:43:02] [1] 2
INFO [2025-04-09 22:43:02] 
INFO [2025-04-09 22:43:02] $lty
INFO [2025-04-09 22:43:02] [1] "blank"
INFO [2025-04-09 22:43:02] 
INFO [2025-04-09 22:43:02] $fill
INFO [2025-04-09 22:43:02] myCol
INFO [2025-04-09 22:43:02] 
INFO [2025-04-09 22:43:02] $cex
INFO [2025-04-09 22:43:02] [1] 0.6
INFO [2025-04-09 22:43:02] 
INFO [2025-04-09 22:43:02] $fontface
INFO [2025-04-09 22:43:02] [1] "bold"
INFO [2025-04-09 22:43:02] 
INFO [2025-04-09 22:43:02] $fontfamily
INFO [2025-04-09 22:43:02] [1] "sans"
INFO [2025-04-09 22:43:02] 
INFO [2025-04-09 22:43:02] $cat.cex
INFO [2025-04-09 22:43:02] [1] 0.6
INFO [2025-04-09 22:43:02] 
INFO [2025-04-09 22:43:02] $cat.fontface
INFO [2025-04-09 22:43:02] [1] "bold"
INFO [2025-04-09 22:43:02] 
INFO [2025-04-09 22:43:02] $cat.default.pos
INFO [2025-04-09 22:43:02] [1] "outer"
INFO [2025-04-09 22:43:02] 
INFO [2025-04-09 22:43:02] $cat.pos
INFO [2025-04-09 22:43:02] c(-27, 27, 135)
INFO [2025-04-09 22:43:02] 
INFO [2025-04-09 22:43:02] $cat.dist
INFO [2025-04-09 22:43:02] c(0.055, 0.055, 0.085)
INFO [2025-04-09 22:43:02] 
INFO [2025-04-09 22:43:02] $cat.fontfamily
INFO [2025-04-09 22:43:02] [1] "sans"
INFO [2025-04-09 22:43:02] 
INFO [2025-04-09 22:43:02] $rotation
INFO [2025-04-09 22:43:02] [1] 1
INFO [2025-04-09 22:43:02] 
